[06-Nov-2017 16:47:16 UTC] TypeError: Return value of Doctrine\Common\Annotations\AnnotationRegistry::reset() must be an instance of Doctrine\Common\Annotations\void, none returned in D:\phptest\theideaproject\vendor\doctrine\annotations\lib\Doctrine\Common\Annotations\AnnotationRegistry.php on line 55 #0 D:\phptest\theideaproject\web\core\lib\Drupal\Component\Annotation\Plugin\Discovery\AnnotatedClassDiscovery.php(113): Doctrine\Common\Annotations\AnnotationRegistry::reset()
#1 D:\phptest\theideaproject\web\core\lib\Drupal\Core\Entity\EntityTypeManager.php(106): Drupal\Component\Annotation\Plugin\Discovery\AnnotatedClassDiscovery->getDefinitions()
#2 D:\phptest\theideaproject\web\core\lib\Drupal\Core\Plugin\DefaultPluginManager.php(174): Drupal\Core\Entity\EntityTypeManager->findDefinitions()
#3 D:\phptest\theideaproject\web\core\lib\Drupal\Core\Entity\EntityManager.php(675): Drupal\Core\Plugin\DefaultPluginManager->getDefinitions()
#4 D:\phptest\theideaproject\web\core\lib\Drupal\Core\Config\ConfigManager.php(100): Drupal\Core\Entity\EntityManager->getDefinitions()
#5 D:\phptest\theideaproject\web\core\lib\Drupal\Core\Config\ConfigInstaller.php(305): Drupal\Core\Config\ConfigManager->getEntityTypeIdByName('core.extension')
#6 D:\phptest\theideaproject\web\core\lib\Drupal\Core\Config\ConfigInstaller.php(134): Drupal\Core\Config\ConfigInstaller->createConfiguration('', Array)
#7 D:\phptest\theideaproject\web\core\lib\Drupal\Core\ProxyClass\Config\ConfigInstaller.php(75): Drupal\Core\Config\ConfigInstaller->installDefaultConfig('core', 'core')
#8 D:\phptest\theideaproject\web\core\includes\install.inc(626): Drupal\Core\ProxyClass\Config\ConfigInstaller->installDefaultConfig('core', 'core')
#9 D:\phptest\theideaproject\web\core\includes\install.core.inc(1043): drupal_install_system(Array)
#10 D:\phptest\theideaproject\web\core\includes\install.core.inc(670): install_base_system(Array)
#11 D:\phptest\theideaproject\web\core\includes\install.core.inc(548): install_run_task(Array, Array)
#12 D:\phptest\theideaproject\web\core\includes\install.core.inc(117): install_run_tasks(Array)
#13 C:\Program Files (x86)\DevDesktop\tools\vendor\drush\drush\includes\drush.inc(726): install_drupal(Object(Composer\Autoload\ClassLoader), Array)
#14 C:\Program Files (x86)\DevDesktop\tools\vendor\drush\drush\includes\drush.inc(711): drush_call_user_func_array('install_drupal', Array)
#15 C:\Program Files (x86)\DevDesktop\tools\vendor\drush\drush\commands\core\drupal\site_install.inc(84): drush_op('install_drupal', Object(Composer\Autoload\ClassLoader), Array)
#16 C:\Program Files (x86)\DevDesktop\tools\vendor\drush\drush\commands\core\site_install.drush.inc(254): drush_core_site_install_version('standard', Array)
#17 C:\Program Files (x86)\DevDesktop\tools\vendor\drush\drush\includes\command.inc(422): drush_core_site_install('standard')
#18 C:\Program Files (x86)\DevDesktop\tools\vendor\drush\drush\includes\command.inc(231): _drush_invoke_hooks(Array, Array)
#19 C:\Program Files (x86)\DevDesktop\tools\vendor\drush\drush\includes\command.inc(199): drush_command('standard')
#20 C:\Program Files (x86)\DevDesktop\tools\vendor\drush\drush\lib\Drush\Boot\BaseBoot.php(67): drush_dispatch(Array)
#21 C:\Program Files (x86)\DevDesktop\tools\vendor\drush\drush\includes\preflight.inc(66): Drush\Boot\BaseBoot->bootstrap_and_dispatch()
#22 C:\Program Files (x86)\DevDesktop\tools\vendor\drush\drush\drush.php(12): drush_main()
#23 {main}
[06-Nov-2017 16:59:45 UTC] TypeError: Return value of Doctrine\Common\Annotations\AnnotationRegistry::reset() must be an instance of Doctrine\Common\Annotations\void, none returned in D:\phptest\theideaproject\vendor\doctrine\annotations\lib\Doctrine\Common\Annotations\AnnotationRegistry.php on line 55 #0 D:\phptest\theideaproject\web\core\lib\Drupal\Component\Annotation\Plugin\Discovery\AnnotatedClassDiscovery.php(113): Doctrine\Common\Annotations\AnnotationRegistry::reset()
#1 D:\phptest\theideaproject\web\core\lib\Drupal\Core\Entity\EntityTypeManager.php(106): Drupal\Component\Annotation\Plugin\Discovery\AnnotatedClassDiscovery->getDefinitions()
#2 D:\phptest\theideaproject\web\core\lib\Drupal\Core\Plugin\DefaultPluginManager.php(174): Drupal\Core\Entity\EntityTypeManager->findDefinitions()
#3 D:\phptest\theideaproject\web\core\lib\Drupal\Core\Entity\EntityManager.php(675): Drupal\Core\Plugin\DefaultPluginManager->getDefinitions()
#4 D:\phptest\theideaproject\web\core\lib\Drupal\Core\Config\ConfigManager.php(100): Drupal\Core\Entity\EntityManager->getDefinitions()
#5 D:\phptest\theideaproject\web\core\lib\Drupal\Core\Config\ConfigInstaller.php(305): Drupal\Core\Config\ConfigManager->getEntityTypeIdByName('core.extension')
#6 D:\phptest\theideaproject\web\core\lib\Drupal\Core\Config\ConfigInstaller.php(134): Drupal\Core\Config\ConfigInstaller->createConfiguration('', Array)
#7 D:\phptest\theideaproject\web\core\lib\Drupal\Core\ProxyClass\Config\ConfigInstaller.php(75): Drupal\Core\Config\ConfigInstaller->installDefaultConfig('core', 'core')
#8 D:\phptest\theideaproject\web\core\includes\install.inc(626): Drupal\Core\ProxyClass\Config\ConfigInstaller->installDefaultConfig('core', 'core')
#9 D:\phptest\theideaproject\web\core\includes\install.core.inc(1043): drupal_install_system(Array)
#10 D:\phptest\theideaproject\web\core\includes\install.core.inc(670): install_base_system(Array)
#11 D:\phptest\theideaproject\web\core\includes\install.core.inc(548): install_run_task(Array, Array)
#12 D:\phptest\theideaproject\web\core\includes\install.core.inc(117): install_run_tasks(Array)
#13 C:\Program Files (x86)\DevDesktop\tools\vendor\drush\drush\includes\drush.inc(726): install_drupal(Object(Composer\Autoload\ClassLoader), Array)
#14 C:\Program Files (x86)\DevDesktop\tools\vendor\drush\drush\includes\drush.inc(711): drush_call_user_func_array('install_drupal', Array)
#15 C:\Program Files (x86)\DevDesktop\tools\vendor\drush\drush\commands\core\drupal\site_install.inc(84): drush_op('install_drupal', Object(Composer\Autoload\ClassLoader), Array)
#16 C:\Program Files (x86)\DevDesktop\tools\vendor\drush\drush\commands\core\site_install.drush.inc(254): drush_core_site_install_version('standard', Array)
#17 C:\Program Files (x86)\DevDesktop\tools\vendor\drush\drush\includes\command.inc(422): drush_core_site_install('standard')
#18 C:\Program Files (x86)\DevDesktop\tools\vendor\drush\drush\includes\command.inc(231): _drush_invoke_hooks(Array, Array)
#19 C:\Program Files (x86)\DevDesktop\tools\vendor\drush\drush\includes\command.inc(199): drush_command('standard')
#20 C:\Program Files (x86)\DevDesktop\tools\vendor\drush\drush\lib\Drush\Boot\BaseBoot.php(67): drush_dispatch(Array)
#21 C:\Program Files (x86)\DevDesktop\tools\vendor\drush\drush\includes\preflight.inc(66): Drush\Boot\BaseBoot->bootstrap_and_dispatch()
#22 C:\Program Files (x86)\DevDesktop\tools\vendor\drush\drush\drush.php(12): drush_main()
#23 {main}
[06-Nov-2017 17:09:21 UTC] TypeError: Return value of Doctrine\Common\Annotations\AnnotationRegistry::reset() must be an instance of Doctrine\Common\Annotations\void, none returned in D:\phptest\theideaproject\vendor\doctrine\annotations\lib\Doctrine\Common\Annotations\AnnotationRegistry.php on line 55 #0 D:\phptest\theideaproject\web\core\lib\Drupal\Component\Annotation\Plugin\Discovery\AnnotatedClassDiscovery.php(113): Doctrine\Common\Annotations\AnnotationRegistry::reset()
#1 D:\phptest\theideaproject\web\core\lib\Drupal\Core\Entity\EntityTypeManager.php(106): Drupal\Component\Annotation\Plugin\Discovery\AnnotatedClassDiscovery->getDefinitions()
#2 D:\phptest\theideaproject\web\core\lib\Drupal\Core\Plugin\DefaultPluginManager.php(174): Drupal\Core\Entity\EntityTypeManager->findDefinitions()
#3 D:\phptest\theideaproject\web\core\lib\Drupal\Core\Entity\EntityManager.php(675): Drupal\Core\Plugin\DefaultPluginManager->getDefinitions()
#4 D:\phptest\theideaproject\web\core\lib\Drupal\Core\Config\ConfigManager.php(100): Drupal\Core\Entity\EntityManager->getDefinitions()
#5 D:\phptest\theideaproject\web\core\lib\Drupal\Core\Config\ConfigInstaller.php(305): Drupal\Core\Config\ConfigManager->getEntityTypeIdByName('core.extension')
#6 D:\phptest\theideaproject\web\core\lib\Drupal\Core\Config\ConfigInstaller.php(134): Drupal\Core\Config\ConfigInstaller->createConfiguration('', Array)
#7 D:\phptest\theideaproject\web\core\lib\Drupal\Core\ProxyClass\Config\ConfigInstaller.php(75): Drupal\Core\Config\ConfigInstaller->installDefaultConfig('core', 'core')
#8 D:\phptest\theideaproject\web\core\includes\install.inc(626): Drupal\Core\ProxyClass\Config\ConfigInstaller->installDefaultConfig('core', 'core')
#9 D:\phptest\theideaproject\web\core\includes\install.core.inc(1043): drupal_install_system(Array)
#10 D:\phptest\theideaproject\web\core\includes\install.core.inc(670): install_base_system(Array)
#11 D:\phptest\theideaproject\web\core\includes\install.core.inc(548): install_run_task(Array, Array)
#12 D:\phptest\theideaproject\web\core\includes\install.core.inc(117): install_run_tasks(Array)
#13 C:\Program Files (x86)\DevDesktop\tools\vendor\drush\drush\includes\drush.inc(726): install_drupal(Object(Composer\Autoload\ClassLoader), Array)
#14 C:\Program Files (x86)\DevDesktop\tools\vendor\drush\drush\includes\drush.inc(711): drush_call_user_func_array('install_drupal', Array)
#15 C:\Program Files (x86)\DevDesktop\tools\vendor\drush\drush\commands\core\drupal\site_install.inc(84): drush_op('install_drupal', Object(Composer\Autoload\ClassLoader), Array)
#16 C:\Program Files (x86)\DevDesktop\tools\vendor\drush\drush\commands\core\site_install.drush.inc(254): drush_core_site_install_version('standard', Array)
#17 C:\Program Files (x86)\DevDesktop\tools\vendor\drush\drush\includes\command.inc(422): drush_core_site_install('standard')
#18 C:\Program Files (x86)\DevDesktop\tools\vendor\drush\drush\includes\command.inc(231): _drush_invoke_hooks(Array, Array)
#19 C:\Program Files (x86)\DevDesktop\tools\vendor\drush\drush\includes\command.inc(199): drush_command('standard')
#20 C:\Program Files (x86)\DevDesktop\tools\vendor\drush\drush\lib\Drush\Boot\BaseBoot.php(67): drush_dispatch(Array)
#21 C:\Program Files (x86)\DevDesktop\tools\vendor\drush\drush\includes\preflight.inc(66): Drush\Boot\BaseBoot->bootstrap_and_dispatch()
#22 C:\Program Files (x86)\DevDesktop\tools\vendor\drush\drush\drush.php(12): drush_main()
#23 {main}
[06-Nov-2017 17:18:28 UTC] TypeError: Return value of Doctrine\Common\Annotations\AnnotationRegistry::reset() must be an instance of Doctrine\Common\Annotations\void, none returned in D:\phptest\theideaproject\vendor\doctrine\annotations\lib\Doctrine\Common\Annotations\AnnotationRegistry.php on line 55 #0 D:\phptest\theideaproject\web\core\lib\Drupal\Component\Annotation\Plugin\Discovery\AnnotatedClassDiscovery.php(113): Doctrine\Common\Annotations\AnnotationRegistry::reset()
#1 D:\phptest\theideaproject\web\core\lib\Drupal\Core\Entity\EntityTypeManager.php(106): Drupal\Component\Annotation\Plugin\Discovery\AnnotatedClassDiscovery->getDefinitions()
#2 D:\phptest\theideaproject\web\core\lib\Drupal\Core\Plugin\DefaultPluginManager.php(174): Drupal\Core\Entity\EntityTypeManager->findDefinitions()
#3 D:\phptest\theideaproject\web\core\lib\Drupal\Core\Entity\EntityManager.php(675): Drupal\Core\Plugin\DefaultPluginManager->getDefinitions()
#4 D:\phptest\theideaproject\web\core\lib\Drupal\Core\Config\ConfigManager.php(100): Drupal\Core\Entity\EntityManager->getDefinitions()
#5 D:\phptest\theideaproject\web\core\lib\Drupal\Core\Config\ConfigInstaller.php(305): Drupal\Core\Config\ConfigManager->getEntityTypeIdByName('core.extension')
#6 D:\phptest\theideaproject\web\core\lib\Drupal\Core\Config\ConfigInstaller.php(134): Drupal\Core\Config\ConfigInstaller->createConfiguration('', Array)
#7 D:\phptest\theideaproject\web\core\lib\Drupal\Core\ProxyClass\Config\ConfigInstaller.php(75): Drupal\Core\Config\ConfigInstaller->installDefaultConfig('core', 'core')
#8 D:\phptest\theideaproject\web\core\includes\install.inc(626): Drupal\Core\ProxyClass\Config\ConfigInstaller->installDefaultConfig('core', 'core')
#9 D:\phptest\theideaproject\web\core\includes\install.core.inc(1043): drupal_install_system(Array)
#10 D:\phptest\theideaproject\web\core\includes\install.core.inc(670): install_base_system(Array)
#11 D:\phptest\theideaproject\web\core\includes\install.core.inc(548): install_run_task(Array, Array)
#12 D:\phptest\theideaproject\web\core\includes\install.core.inc(117): install_run_tasks(Array)
#13 C:\Program Files (x86)\DevDesktop\tools\vendor\drush\drush\includes\drush.inc(726): install_drupal(Object(Composer\Autoload\ClassLoader), Array)
#14 C:\Program Files (x86)\DevDesktop\tools\vendor\drush\drush\includes\drush.inc(711): drush_call_user_func_array('install_drupal', Array)
#15 C:\Program Files (x86)\DevDesktop\tools\vendor\drush\drush\commands\core\drupal\site_install.inc(84): drush_op('install_drupal', Object(Composer\Autoload\ClassLoader), Array)
#16 C:\Program Files (x86)\DevDesktop\tools\vendor\drush\drush\commands\core\site_install.drush.inc(254): drush_core_site_install_version('standard', Array)
#17 C:\Program Files (x86)\DevDesktop\tools\vendor\drush\drush\includes\command.inc(422): drush_core_site_install('standard')
#18 C:\Program Files (x86)\DevDesktop\tools\vendor\drush\drush\includes\command.inc(231): _drush_invoke_hooks(Array, Array)
#19 C:\Program Files (x86)\DevDesktop\tools\vendor\drush\drush\includes\command.inc(199): drush_command('standard')
#20 C:\Program Files (x86)\DevDesktop\tools\vendor\drush\drush\lib\Drush\Boot\BaseBoot.php(67): drush_dispatch(Array)
#21 C:\Program Files (x86)\DevDesktop\tools\vendor\drush\drush\includes\preflight.inc(66): Drush\Boot\BaseBoot->bootstrap_and_dispatch()
#22 C:\Program Files (x86)\DevDesktop\tools\vendor\drush\drush\drush.php(12): drush_main()
#23 {main}
[06-Nov-2017 18:39:42 UTC] Uncaught PHP Exception InvalidArgumentException: "The configuration property display.page_2.display_options.filters.title.value.value doesn't exist." at D:\phptest\theideaproject\web\core\lib\Drupal\Core\Config\Schema\ArrayElement.php line 76
[06-Nov-2017 18:40:04 UTC] Uncaught PHP Exception InvalidArgumentException: "The configuration property display.page_2.display_options.filters.title.value.value doesn't exist." at D:\phptest\theideaproject\web\core\lib\Drupal\Core\Config\Schema\ArrayElement.php line 76
[06-Nov-2017 18:42:01 UTC] Uncaught PHP Exception InvalidArgumentException: "The configuration property display.page_2.display_options.filters.title.value.value doesn't exist." at D:\phptest\theideaproject\web\core\lib\Drupal\Core\Config\Schema\ArrayElement.php line 76
[06-Nov-2017 18:43:00 UTC] Uncaught PHP Exception InvalidArgumentException: "The configuration property display.page_2.display_options.filters.title.value.min doesn't exist." at D:\phptest\theideaproject\web\core\lib\Drupal\Core\Config\Schema\ArrayElement.php line 76
[06-Nov-2017 18:56:03 UTC] Uncaught PHP Exception InvalidArgumentException: "The configuration property display.page_search_ideas.display_options.filters.title.value.min doesn't exist." at D:\phptest\theideaproject\web\core\lib\Drupal\Core\Config\Schema\ArrayElement.php line 76
[06-Nov-2017 18:56:45 UTC] Uncaught PHP Exception InvalidArgumentException: "The configuration property display.page_search_ideas.display_options.filters.title.value.min doesn't exist." at D:\phptest\theideaproject\web\core\lib\Drupal\Core\Config\Schema\ArrayElement.php line 76
[06-Nov-2017 19:15:42 UTC] Uncaught PHP Exception InvalidArgumentException: "The configuration property display.page_search_ideas.display_options.filters.title.value.value doesn't exist." at D:\phptest\theideaproject\web\core\lib\Drupal\Core\Config\Schema\ArrayElement.php line 76
[06-Nov-2017 19:16:23 UTC] Uncaught PHP Exception InvalidArgumentException: "The configuration property display.page_search_ideas.display_options.filters.title.value.min doesn't exist." at D:\phptest\theideaproject\web\core\lib\Drupal\Core\Config\Schema\ArrayElement.php line 76
